\BOOKMARK [0][-]{chapter.1}{\376\377\0001\000\040\000V\000\355\000z\000v\000e\000z\000e\000t\000\351\000k\000s\000z\000e\000r\000e\000l\001\121\000/\000P\000l\000u\000m\000b\000e\000r}{}% 1
\BOOKMARK [1][-]{section.1.1}{\376\377\0001\000.\0001\000\040\000T\000e\000l\000e\000p\000\355\000t\000\351\000s}{chapter.1}% 2
\BOOKMARK [2][-]{subsection.1.1.1}{\376\377\0001\000.\0001\000.\0001\000\040\000S\000D\000L\000\040\000t\000e\000l\000e\000p\000\355\000t\000\351\000s\000e}{section.1.1}% 3
\BOOKMARK [3][-]{subsubsection.1.1.1.1}{\376\377\0001\000.\0001\000.\0001\000.\0001\000\040\000L\000i\000n\000u\000x}{subsection.1.1.1}% 4
\BOOKMARK [3][-]{subsubsection.1.1.1.2}{\376\377\0001\000.\0001\000.\0001\000.\0002\000\040\000W\000i\000n\000d\000o\000w\000s}{subsection.1.1.1}% 5
\BOOKMARK [2][-]{subsection.1.1.2}{\376\377\0001\000.\0001\000.\0002\000\040\000o\000s\000d\000i\000a\000l\000o\000g\000\040\000t\000e\000l\000e\000p\000\355\000t\000\351\000s\000e}{section.1.1}% 6
\BOOKMARK [1][-]{section.1.2}{\376\377\0001\000.\0002\000\040\000F\000o\000r\000d\000\355\000t\000\341\000s}{chapter.1}% 7
\BOOKMARK [2][-]{subsection.1.2.1}{\376\377\0001\000.\0002\000.\0001\000\040\000L\000i\000n\000u\000x}{section.1.2}% 8
\BOOKMARK [2][-]{subsection.1.2.2}{\376\377\0001\000.\0002\000.\0002\000\040\000W\000i\000n\000d\000o\000w\000s}{section.1.2}% 9
\BOOKMARK [1][-]{section.1.3}{\376\377\0001\000.\0003\000\040\000A\000\040\000j\000\341\000t\000\351\000k\000\040\000m\000e\000n\000e\000t\000e}{chapter.1}% 10
\BOOKMARK [2][-]{subsection.1.3.1}{\376\377\0001\000.\0003\000.\0001\000\040\000A\000\040\000g\000e\000n\000e\000r\000\341\000l\000t\000\040\000f\000\341\000j\000l\000o\000k\000\040\000s\000t\000r\000u\000k\000t\000\372\000r\000\341\000j\000a\000\040\000\050\000.\000p\000l\000m\000\051}{section.1.3}% 11
\BOOKMARK [1][-]{section.1.4}{\376\377\0001\000.\0004\000\040\000H\000i\000b\000\341\000k}{chapter.1}% 12
\BOOKMARK [0][-]{chapter.2}{\376\377\0002\000\040\000H\000i\000b\000a\000\040\000l\000i\000s\000t\000a}{}% 13
\BOOKMARK [0][-]{chapter.3}{\376\377\0003\000\040\000F\000\341\000j\000l\000m\000u\000t\000a\000t\000\363}{}% 14
\BOOKMARK [1][-]{section.3.1}{\376\377\0003\000.\0001\000\040\000F\000\341\000j\000l\000l\000i\000s\000t\000a}{chapter.3}% 15
\BOOKMARK [0][-]{chapter.4}{\376\377\0004\000\040\000F\000\341\000j\000l\000o\000k\000\040\000d\000o\000k\000u\000m\000e\000n\000t\000\341\000c\000i\000\363\000j\000a}{}% 16
\BOOKMARK [1][-]{section.4.1}{\376\377\0004\000.\0001\000\040\000l\000i\000b\000/\000i\000n\000c\000l\000u\000d\000e\000/\000g\000a\000m\000e\000.\000h\000\040\000f\000\341\000j\000l\000r\000e\000f\000e\000r\000e\000n\000c\000i\000a}{chapter.4}% 17
\BOOKMARK [2][-]{subsection.4.1.1}{\376\377\0004\000.\0001\000.\0001\000\040\000R\000\351\000s\000z\000l\000e\000t\000e\000s\000\040\000l\000e\000\355\000r\000\341\000s}{section.4.1}% 18
\BOOKMARK [3][-]{subsubsection.4.1.1.1}{\376\377\0004\000.\0001\000.\0001\000.\0001\000\040\000S\000t\000r\000u\000k\000t\000\372\000r\000\341\000k\000,\000\040\000e\000n\000u\000m\000o\000k\000:}{subsection.4.1.1}% 19
\BOOKMARK [3][-]{subsubsection.4.1.1.2}{\376\377\0004\000.\0001\000.\0001\000.\0002\000\040\000F\000\374\000g\000g\000v\000\351\000n\000y\000e\000k\000:}{subsection.4.1.1}% 20
\BOOKMARK [3][-]{subsubsection.4.1.1.3}{\376\377\0004\000.\0001\000.\0001\000.\0003\000\040\000P\000\351\000l\000d\000a\000k\000\363\000d\000:}{subsection.4.1.1}% 21
\BOOKMARK [3][-]{subsubsection.4.1.1.4}{\376\377\0004\000.\0001\000.\0001\000.\0004\000\040\000M\000e\000g\000j\000e\000g\000y\000z\000\351\000s\000e\000k\000:}{subsection.4.1.1}% 22
\BOOKMARK [3][-]{subsubsection.4.1.1.5}{\376\377\0004\000.\0001\000.\0001\000.\0005\000\040\000K\000a\000p\000c\000s\000o\000l\000\363\000d\000\363\000\040\000k\000\363\000d\000f\000\341\000j\000l\000o\000k\000:}{subsection.4.1.1}% 23
\BOOKMARK [2][-]{subsection.4.1.2}{\376\377\0004\000.\0001\000.\0002\000\040\000A\000d\000a\000t\000s\000z\000e\000r\000k\000e\000z\000e\000t\000e\000k\000\040\000d\000o\000k\000u\000m\000e\000n\000t\000\341\000c\000i\000\363\000j\000a}{section.4.1}% 24
\BOOKMARK [3][-]{subsubsection.4.1.2.1}{\376\377\0004\000.\0001\000.\0002\000.\0001\000\040\000s\000t\000r\000u\000c\000t\000\040\000G\000a\000m\000e\000S\000t\000r\000u\000c\000t}{subsection.4.1.2}% 25
\BOOKMARK [3][-]{subsubsection.4.1.2.2}{\376\377\0004\000.\0001\000.\0002\000.\0002\000\040\000s\000t\000r\000u\000c\000t\000\040\000E\000v\000e\000n\000t\000l\000o\000o\000p\000V\000a\000r\000i\000a\000b\000l\000e\000s}{subsection.4.1.2}% 26
\BOOKMARK [3][-]{subsubsection.4.1.2.3}{\376\377\0004\000.\0001\000.\0002\000.\0003\000\040\000s\000t\000r\000u\000c\000t\000\040\000W\000h\000e\000e\000l}{subsection.4.1.2}% 27
\BOOKMARK [3][-]{subsubsection.4.1.2.4}{\376\377\0004\000.\0001\000.\0002\000.\0004\000\040\000s\000t\000r\000u\000c\000t\000\040\000A\000n\000i\000m\000a\000t\000i\000o\000n\000Q\000u\000e\000u\000e}{subsection.4.1.2}% 28
\BOOKMARK [2][-]{subsection.4.1.3}{\376\377\0004\000.\0001\000.\0003\000\040\000M\000a\000k\000r\000\363\000d\000e\000f\000i\000n\000\355\000c\000i\000\363\000k\000\040\000d\000o\000k\000u\000m\000e\000n\000t\000\341\000c\000i\000\363\000j\000a}{section.4.1}% 29
\BOOKMARK [3][-]{subsubsection.4.1.3.1}{\376\377\0004\000.\0001\000.\0003\000.\0001\000\040\000D\000E\000F\000A\000U\000L\000T\000\137\000W\000I\000N\000D\000O\000W\000\137\000H\000E\000I\000G\000H\000T}{subsection.4.1.3}% 30
\BOOKMARK [3][-]{subsubsection.4.1.3.2}{\376\377\0004\000.\0001\000.\0003\000.\0002\000\040\000D\000E\000F\000A\000U\000L\000T\000\137\000W\000I\000N\000D\000O\000W\000\137\000W\000I\000D\000T\000H}{subsection.4.1.3}% 31
\BOOKMARK [3][-]{subsubsection.4.1.3.3}{\376\377\0004\000.\0001\000.\0003\000.\0003\000\040\000L\000O\000N\000G\000\137\000P\000I\000P\000E\000\137\000F\000I\000L\000L\000\137\000S\000P\000E\000E\000D}{subsection.4.1.3}% 32
\BOOKMARK [3][-]{subsubsection.4.1.3.4}{\376\377\0004\000.\0001\000.\0003\000.\0004\000\040\000M\000I\000N\000\137\000X\000\137\000S\000I\000Z\000E}{subsection.4.1.3}% 33
\BOOKMARK [3][-]{subsubsection.4.1.3.5}{\376\377\0004\000.\0001\000.\0003\000.\0005\000\040\000M\000I\000N\000\137\000Y\000\137\000S\000I\000Z\000E}{subsection.4.1.3}% 34
\BOOKMARK [3][-]{subsubsection.4.1.3.6}{\376\377\0004\000.\0001\000.\0003\000.\0006\000\040\000P\000I\000P\000E\000\137\000F\000I\000L\000L\000\137\000S\000P\000E\000E\000D}{subsection.4.1.3}% 35
\BOOKMARK [3][-]{subsubsection.4.1.3.7}{\376\377\0004\000.\0001\000.\0003\000.\0007\000\040\000P\000I\000P\000E\000\137\000R\000O\000T\000A\000T\000E\000\137\000S\000P\000E\000E\000D}{subsection.4.1.3}% 36
\BOOKMARK [3][-]{subsubsection.4.1.3.8}{\376\377\0004\000.\0001\000.\0003\000.\0008\000\040\000W\000H\000E\000E\000L\000\137\000R\000O\000T\000A\000T\000E\000\137\000S\000P\000E\000E\000D}{subsection.4.1.3}% 37
\BOOKMARK [3][-]{subsubsection.4.1.3.9}{\376\377\0004\000.\0001\000.\0003\000.\0009\000\040\000W\000H\000E\000E\000L\000\137\000S\000I\000Z\000E\000\137\000M\000U\000L\000T\000I\000P\000L\000I\000E\000R}{subsection.4.1.3}% 38
\BOOKMARK [2][-]{subsection.4.1.4}{\376\377\0004\000.\0001\000.\0004\000\040\000E\000n\000u\000m\000e\000r\000\341\000c\000i\000\363\000k\000\040\000d\000o\000k\000u\000m\000e\000n\000t\000\341\000c\000i\000\363\000j\000a}{section.4.1}% 39
\BOOKMARK [3][-]{subsubsection.4.1.4.1}{\376\377\0004\000.\0001\000.\0004\000.\0001\000\040\000A\000n\000i\000m\000a\000t\000i\000o\000n\000D\000i\000r\000e\000c\000t\000i\000o\000n}{subsection.4.1.4}% 40
\BOOKMARK [3][-]{subsubsection.4.1.4.2}{\376\377\0004\000.\0001\000.\0004\000.\0002\000\040\000A\000n\000i\000m\000a\000t\000i\000o\000n\000T\000y\000p\000e}{subsection.4.1.4}% 41
\BOOKMARK [2][-]{subsection.4.1.5}{\376\377\0004\000.\0001\000.\0005\000\040\000F\000\374\000g\000g\000v\000\351\000n\000y\000e\000k\000\040\000d\000o\000k\000u\000m\000e\000n\000t\000\341\000c\000i\000\363\000j\000a}{section.4.1}% 42
\BOOKMARK [3][-]{subsubsection.4.1.5.1}{\376\377\0004\000.\0001\000.\0005\000.\0001\000\040\000A\000n\000i\000m\000a\000t\000i\000o\000n\000Q\000u\000e\000u\000e\000\137\000A\000p\000p\000e\000n\000d\000L\000o\000n\000g\000F\000i\000l\000l\000\050\000\051}{subsection.4.1.5}% 43
\BOOKMARK [3][-]{subsubsection.4.1.5.2}{\376\377\0004\000.\0001\000.\0005\000.\0002\000\040\000A\000n\000i\000m\000a\000t\000i\000o\000n\000Q\000u\000e\000u\000e\000\137\000A\000p\000p\000e\000n\000d\000P\000i\000p\000e\000F\000i\000l\000l\000\050\000\051}{subsection.4.1.5}% 44
\BOOKMARK [3][-]{subsubsection.4.1.5.3}{\376\377\0004\000.\0001\000.\0005\000.\0003\000\040\000A\000n\000i\000m\000a\000t\000i\000o\000n\000Q\000u\000e\000u\000e\000\137\000A\000p\000p\000e\000n\000d\000P\000i\000p\000e\000R\000o\000t\000a\000t\000e\000\050\000\051}{subsection.4.1.5}% 45
\BOOKMARK [3][-]{subsubsection.4.1.5.4}{\376\377\0004\000.\0001\000.\0005\000.\0004\000\040\000A\000n\000i\000m\000a\000t\000i\000o\000n\000Q\000u\000e\000u\000e\000\137\000A\000p\000p\000e\000n\000d\000W\000h\000e\000e\000l\000R\000o\000t\000a\000t\000e\000\050\000\051}{subsection.4.1.5}% 46
\BOOKMARK [3][-]{subsubsection.4.1.5.5}{\376\377\0004\000.\0001\000.\0005\000.\0005\000\040\000A\000n\000i\000m\000a\000t\000i\000o\000n\000Q\000u\000e\000u\000e\000\137\000D\000e\000s\000t\000r\000o\000y\000\050\000\051}{subsection.4.1.5}% 47
\BOOKMARK [3][-]{subsubsection.4.1.5.6}{\376\377\0004\000.\0001\000.\0005\000.\0006\000\040\000A\000n\000i\000m\000a\000t\000i\000o\000n\000Q\000u\000e\000u\000e\000\137\000I\000n\000i\000t\000\050\000\051}{subsection.4.1.5}% 48
\BOOKMARK [3][-]{subsubsection.4.1.5.7}{\376\377\0004\000.\0001\000.\0005\000.\0007\000\040\000A\000n\000i\000m\000a\000t\000i\000o\000n\000Q\000u\000e\000u\000e\000\137\000R\000e\000m\000o\000v\000e\000E\000l\000e\000m\000e\000n\000t\000\050\000\051}{subsection.4.1.5}% 49
\BOOKMARK [3][-]{subsubsection.4.1.5.8}{\376\377\0004\000.\0001\000.\0005\000.\0008\000\040\000C\000u\000r\000s\000o\000r\000I\000n\000R\000e\000c\000t\000\050\000\051}{subsection.4.1.5}% 50
\BOOKMARK [3][-]{subsubsection.4.1.5.9}{\376\377\0004\000.\0001\000.\0005\000.\0009\000\040\000D\000e\000l\000t\000a\000\137\000U\000p\000d\000a\000t\000e\000\050\000\051}{subsection.4.1.5}% 51
\BOOKMARK [3][-]{subsubsection.4.1.5.10}{\376\377\0004\000.\0001\000.\0005\000.\0001\0000\000\040\000E\000v\000e\000n\000t\000l\000o\000o\000p\000V\000a\000r\000i\000a\000b\000l\000e\000s\000\137\000I\000n\000i\000t\000\050\000\051}{subsection.4.1.5}% 52
\BOOKMARK [3][-]{subsubsection.4.1.5.11}{\376\377\0004\000.\0001\000.\0005\000.\0001\0001\000\040\000G\000a\000m\000e\000\050\000\051}{subsection.4.1.5}% 53
\BOOKMARK [3][-]{subsubsection.4.1.5.12}{\376\377\0004\000.\0001\000.\0005\000.\0001\0002\000\040\000G\000a\000m\000e\000S\000t\000r\000u\000c\000t\000\137\000C\000r\000e\000a\000t\000e\000\050\000\051}{subsection.4.1.5}% 54
\BOOKMARK [3][-]{subsubsection.4.1.5.13}{\376\377\0004\000.\0001\000.\0005\000.\0001\0003\000\040\000G\000a\000m\000e\000S\000t\000r\000u\000c\000t\000\137\000D\000e\000s\000t\000r\000o\000y\000\050\000\051}{subsection.4.1.5}% 55
\BOOKMARK [3][-]{subsubsection.4.1.5.14}{\376\377\0004\000.\0001\000.\0005\000.\0001\0004\000\040\000G\000a\000m\000e\000S\000t\000r\000u\000c\000t\000\137\000I\000n\000i\000t\000\050\000\051}{subsection.4.1.5}% 56
\BOOKMARK [3][-]{subsubsection.4.1.5.15}{\376\377\0004\000.\0001\000.\0005\000.\0001\0005\000\040\000M\000e\000n\000u\000\050\000\051}{subsection.4.1.5}% 57
\BOOKMARK [3][-]{subsubsection.4.1.5.16}{\376\377\0004\000.\0001\000.\0005\000.\0001\0006\000\040\000W\000h\000e\000e\000l\000\137\000C\000r\000e\000a\000t\000e\000\050\000\051}{subsection.4.1.5}% 58
\BOOKMARK [3][-]{subsubsection.4.1.5.17}{\376\377\0004\000.\0001\000.\0005\000.\0001\0007\000\040\000W\000h\000e\000e\000l\000\137\000D\000e\000s\000t\000r\000o\000y\000\050\000\051}{subsection.4.1.5}% 59
\BOOKMARK [3][-]{subsubsection.4.1.5.18}{\376\377\0004\000.\0001\000.\0005\000.\0001\0008\000\040\000W\000h\000e\000e\000l\000\137\000I\000n\000i\000t\000\050\000\051}{subsection.4.1.5}% 60
\BOOKMARK [3][-]{subsubsection.4.1.5.19}{\376\377\0004\000.\0001\000.\0005\000.\0001\0009\000\040\000W\000h\000e\000e\000l\000\137\000U\000p\000d\000a\000t\000e\000\050\000\051}{subsection.4.1.5}% 61
\BOOKMARK [3][-]{subsubsection.4.1.5.20}{\376\377\0004\000.\0001\000.\0005\000.\0002\0000\000\040\000W\000i\000n\000\050\000\051}{subsection.4.1.5}% 62
\BOOKMARK [1][-]{section.4.2}{\376\377\0004\000.\0002\000\040\000g\000a\000m\000e\000.\000h}{chapter.4}% 63
\BOOKMARK [1][-]{section.4.3}{\376\377\0004\000.\0003\000\040\000l\000i\000b\000/\000i\000n\000c\000l\000u\000d\000e\000/\000p\000i\000p\000e\000.\000h\000\040\000f\000\341\000j\000l\000r\000e\000f\000e\000r\000e\000n\000c\000i\000a}{chapter.4}% 64
\BOOKMARK [2][-]{subsection.4.3.1}{\376\377\0004\000.\0003\000.\0001\000\040\000R\000\351\000s\000z\000l\000e\000t\000e\000s\000\040\000l\000e\000\355\000r\000\341\000s}{section.4.3}% 65
\BOOKMARK [3][-]{subsubsection.4.3.1.1}{\376\377\0004\000.\0003\000.\0001\000.\0001\000\040\000S\000t\000r\000u\000k\000t\000\372\000r\000\341\000k\000,\000\040\000e\000n\000u\000m\000o\000k\000:}{subsection.4.3.1}% 66
\BOOKMARK [3][-]{subsubsection.4.3.1.2}{\376\377\0004\000.\0003\000.\0001\000.\0002\000\040\000F\000\374\000g\000g\000v\000\351\000n\000y\000e\000k\000:}{subsection.4.3.1}% 67
\BOOKMARK [3][-]{subsubsection.4.3.1.3}{\376\377\0004\000.\0003\000.\0001\000.\0003\000\040\000P\000\351\000l\000d\000a\000k\000\363\000d\000:}{subsection.4.3.1}% 68
\BOOKMARK [3][-]{subsubsection.4.3.1.4}{\376\377\0004\000.\0003\000.\0001\000.\0004\000\040\000M\000e\000g\000j\000e\000g\000y\000z\000\351\000s\000e\000k\000:}{subsection.4.3.1}% 69
\BOOKMARK [3][-]{subsubsection.4.3.1.5}{\376\377\0004\000.\0003\000.\0001\000.\0005\000\040\000K\000a\000p\000c\000s\000o\000l\000\363\000d\000\363\000\040\000k\000\363\000d\000f\000\341\000j\000l\000o\000k\000:}{subsection.4.3.1}% 70
\BOOKMARK [2][-]{subsection.4.3.2}{\376\377\0004\000.\0003\000.\0002\000\040\000A\000d\000a\000t\000s\000z\000e\000r\000k\000e\000z\000e\000t\000e\000k\000\040\000d\000o\000k\000u\000m\000e\000n\000t\000\341\000c\000i\000\363\000j\000a}{section.4.3}% 71
\BOOKMARK [3][-]{subsubsection.4.3.2.1}{\376\377\0004\000.\0003\000.\0002\000.\0001\000\040\000s\000t\000r\000u\000c\000t\000\040\000P\000i\000p\000e}{subsection.4.3.2}% 72
\BOOKMARK [3][-]{subsubsection.4.3.2.2}{\376\377\0004\000.\0003\000.\0002\000.\0002\000\040\000s\000t\000r\000u\000c\000t\000\040\000P\000i\000p\000e\000G\000r\000i\000d}{subsection.4.3.2}% 73
\BOOKMARK [3][-]{subsubsection.4.3.2.3}{\376\377\0004\000.\0003\000.\0002\000.\0003\000\040\000s\000t\000r\000u\000c\000t\000\040\000S\000o\000l\000v\000e\000d\000P\000i\000p\000e\000G\000r\000i\000d}{subsection.4.3.2}% 74
\BOOKMARK [2][-]{subsection.4.3.3}{\376\377\0004\000.\0003\000.\0003\000\040\000M\000a\000k\000r\000\363\000d\000e\000f\000i\000n\000\355\000c\000i\000\363\000k\000\040\000d\000o\000k\000u\000m\000e\000n\000t\000\341\000c\000i\000\363\000j\000a}{section.4.3}% 75
\BOOKMARK [3][-]{subsubsection.4.3.3.1}{\376\377\0004\000.\0003\000.\0003\000.\0001\000\040\000D\000E\000F\000A\000U\000L\000T\000\137\000P\000I\000P\000E\000\137\000S\000I\000Z\000E}{subsection.4.3.3}% 76
\BOOKMARK [2][-]{subsection.4.3.4}{\376\377\0004\000.\0003\000.\0004\000\040\000T\000\355\000p\000u\000s\000d\000e\000f\000i\000n\000\355\000c\000i\000\363\000k\000\040\000d\000o\000k\000u\000m\000e\000n\000t\000\341\000c\000i\000\363\000j\000a}{section.4.3}% 77
\BOOKMARK [3][-]{subsubsection.4.3.4.1}{\376\377\0004\000.\0003\000.\0004\000.\0001\000\040\000E\000l\000e\000m}{subsection.4.3.4}% 78
\BOOKMARK [2][-]{subsection.4.3.5}{\376\377\0004\000.\0003\000.\0005\000\040\000E\000n\000u\000m\000e\000r\000\341\000c\000i\000\363\000k\000\040\000d\000o\000k\000u\000m\000e\000n\000t\000\341\000c\000i\000\363\000j\000a}{section.4.3}% 79
\BOOKMARK [3][-]{subsubsection.4.3.5.1}{\376\377\0004\000.\0003\000.\0005\000.\0001\000\040\000E\000l\000e\000m\000i\000R\000e\000s\000z}{subsection.4.3.5}% 80
\BOOKMARK [3][-]{subsubsection.4.3.5.2}{\376\377\0004\000.\0003\000.\0005\000.\0002\000\040\000P\000i\000p\000e\000T\000y\000p\000e}{subsection.4.3.5}% 81
\BOOKMARK [2][-]{subsection.4.3.6}{\376\377\0004\000.\0003\000.\0006\000\040\000F\000\374\000g\000g\000v\000\351\000n\000y\000e\000k\000\040\000d\000o\000k\000u\000m\000e\000n\000t\000\341\000c\000i\000\363\000j\000a}{section.4.3}% 82
\BOOKMARK [3][-]{subsubsection.4.3.6.1}{\376\377\0004\000.\0003\000.\0006\000.\0001\000\040\000E\000l\000e\000m\000\137\000C\000o\000p\000y\000\050\000\051}{subsection.4.3.6}% 83
\BOOKMARK [3][-]{subsubsection.4.3.6.2}{\376\377\0004\000.\0003\000.\0006\000.\0002\000\040\000E\000l\000e\000m\000\137\000I\000n\000i\000t\000\050\000\051}{subsection.4.3.6}% 84
\BOOKMARK [3][-]{subsubsection.4.3.6.3}{\376\377\0004\000.\0003\000.\0006\000.\0003\000\040\000E\000l\000e\000m\000\137\000R\000o\000t\000a\000t\000e\000N\000e\000g\000\050\000\051}{subsection.4.3.6}% 85
\BOOKMARK [3][-]{subsubsection.4.3.6.4}{\376\377\0004\000.\0003\000.\0006\000.\0004\000\040\000E\000l\000e\000m\000\137\000R\000o\000t\000a\000t\000e\000P\000o\000s\000\050\000\051}{subsection.4.3.6}% 86
\BOOKMARK [3][-]{subsubsection.4.3.6.5}{\376\377\0004\000.\0003\000.\0006\000.\0005\000\040\000P\000i\000p\000e\000\137\000C\000r\000e\000a\000t\000e\000F\000r\000o\000m\000E\000l\000e\000m\000\050\000\051}{subsection.4.3.6}% 87
\BOOKMARK [3][-]{subsubsection.4.3.6.6}{\376\377\0004\000.\0003\000.\0006\000.\0006\000\040\000P\000i\000p\000e\000\137\000D\000e\000s\000t\000r\000o\000y\000\050\000\051}{subsection.4.3.6}% 88
\BOOKMARK [3][-]{subsubsection.4.3.6.7}{\376\377\0004\000.\0003\000.\0006\000.\0007\000\040\000P\000i\000p\000e\000\137\000I\000n\000i\000t\000\050\000\051}{subsection.4.3.6}% 89
\BOOKMARK [3][-]{subsubsection.4.3.6.8}{\376\377\0004\000.\0003\000.\0006\000.\0008\000\040\000P\000i\000p\000e\000\137\000R\000e\000n\000d\000e\000r\000\050\000\051}{subsection.4.3.6}% 90
\BOOKMARK [3][-]{subsubsection.4.3.6.9}{\376\377\0004\000.\0003\000.\0006\000.\0009\000\040\000P\000i\000p\000e\000\137\000R\000o\000t\000a\000t\000e\000\050\000\051}{subsection.4.3.6}% 91
\BOOKMARK [3][-]{subsubsection.4.3.6.10}{\376\377\0004\000.\0003\000.\0006\000.\0001\0000\000\040\000P\000i\000p\000e\000\137\000U\000p\000d\000a\000t\000e\000L\000a\000y\000e\000r\000\050\000\051}{subsection.4.3.6}% 92
\BOOKMARK [3][-]{subsubsection.4.3.6.11}{\376\377\0004\000.\0003\000.\0006\000.\0001\0001\000\040\000P\000i\000p\000e\000G\000r\000i\000d\000\137\000C\000r\000e\000a\000t\000e\000\050\000\051}{subsection.4.3.6}% 93
\BOOKMARK [3][-]{subsubsection.4.3.6.12}{\376\377\0004\000.\0003\000.\0006\000.\0001\0002\000\040\000P\000i\000p\000e\000G\000r\000i\000d\000\137\000C\000r\000e\000a\000t\000e\000C\000o\000p\000y\000\050\000\051}{subsection.4.3.6}% 94
\BOOKMARK [3][-]{subsubsection.4.3.6.13}{\376\377\0004\000.\0003\000.\0006\000.\0001\0003\000\040\000P\000i\000p\000e\000G\000r\000i\000d\000\137\000D\000e\000s\000t\000r\000o\000y\000\050\000\051}{subsection.4.3.6}% 95
\BOOKMARK [3][-]{subsubsection.4.3.6.14}{\376\377\0004\000.\0003\000.\0006\000.\0001\0004\000\040\000P\000i\000p\000e\000G\000r\000i\000d\000\137\000F\000e\000l\000d\000o\000l\000g\000o\000z\000\050\000\051}{subsection.4.3.6}% 96
\BOOKMARK [3][-]{subsubsection.4.3.6.15}{\376\377\0004\000.\0003\000.\0006\000.\0001\0005\000\040\000P\000i\000p\000e\000G\000r\000i\000d\000\137\000G\000e\000n\000e\000r\000a\000t\000e\000G\000r\000i\000d\000\050\000\051}{subsection.4.3.6}% 97
\BOOKMARK [3][-]{subsubsection.4.3.6.16}{\376\377\0004\000.\0003\000.\0006\000.\0001\0006\000\040\000P\000i\000p\000e\000G\000r\000i\000d\000\137\000I\000n\000i\000t\000\050\000\051}{subsection.4.3.6}% 98
\BOOKMARK [3][-]{subsubsection.4.3.6.17}{\376\377\0004\000.\0003\000.\0006\000.\0001\0007\000\040\000P\000i\000p\000e\000G\000r\000i\000d\000\137\000R\000e\000n\000d\000e\000r\000\050\000\051}{subsection.4.3.6}% 99
\BOOKMARK [3][-]{subsubsection.4.3.6.18}{\376\377\0004\000.\0003\000.\0006\000.\0001\0008\000\040\000P\000i\000p\000e\000G\000r\000i\000d\000\137\000S\000h\000u\000f\000f\000l\000e\000\050\000\051}{subsection.4.3.6}% 100
\BOOKMARK [3][-]{subsubsection.4.3.6.19}{\376\377\0004\000.\0003\000.\0006\000.\0001\0009\000\040\000P\000i\000p\000e\000G\000r\000i\000d\000\137\000S\000o\000l\000v\000e\000\050\000\051}{subsection.4.3.6}% 101
\BOOKMARK [3][-]{subsubsection.4.3.6.20}{\376\377\0004\000.\0003\000.\0006\000.\0002\0000\000\040\000S\000o\000l\000v\000e\000d\000P\000i\000p\000e\000G\000r\000i\000d\000\137\000D\000e\000s\000t\000r\000o\000y\000\050\000\051}{subsection.4.3.6}% 102
\BOOKMARK [3][-]{subsubsection.4.3.6.21}{\376\377\0004\000.\0003\000.\0006\000.\0002\0001\000\040\000S\000o\000l\000v\000e\000d\000P\000i\000p\000e\000G\000r\000i\000d\000\137\000R\000e\000m\000o\000v\000e\000F\000i\000r\000s\000t\000\050\000\051}{subsection.4.3.6}% 103
\BOOKMARK [1][-]{section.4.4}{\376\377\0004\000.\0004\000\040\000p\000i\000p\000e\000.\000h}{chapter.4}% 104
\BOOKMARK [1][-]{section.4.5}{\376\377\0004\000.\0005\000\040\000l\000i\000b\000/\000i\000n\000c\000l\000u\000d\000e\000/\000S\000D\000L\000\137\000l\000o\000c\000a\000l\000.\000h\000\040\000f\000\341\000j\000l\000r\000e\000f\000e\000r\000e\000n\000c\000i\000a}{chapter.4}% 105
\BOOKMARK [2][-]{subsection.4.5.1}{\376\377\0004\000.\0005\000.\0001\000\040\000R\000\351\000s\000z\000l\000e\000t\000e\000s\000\040\000l\000e\000\355\000r\000\341\000s}{section.4.5}% 106
\BOOKMARK [3][-]{subsubsection.4.5.1.1}{\376\377\0004\000.\0005\000.\0001\000.\0001\000\040\000S\000t\000r\000u\000k\000t\000\372\000r\000\341\000k\000:}{subsection.4.5.1}% 107
\BOOKMARK [3][-]{subsubsection.4.5.1.2}{\376\377\0004\000.\0005\000.\0001\000.\0002\000\040\000F\000\374\000g\000g\000v\000\351\000n\000y\000e\000k\000:}{subsection.4.5.1}% 108
\BOOKMARK [3][-]{subsubsection.4.5.1.3}{\376\377\0004\000.\0005\000.\0001\000.\0003\000\040\000P\000\351\000l\000d\000a\000k\000\363\000d\000:}{subsection.4.5.1}% 109
\BOOKMARK [3][-]{subsubsection.4.5.1.4}{\376\377\0004\000.\0005\000.\0001\000.\0004\000\040\000M\000e\000g\000j\000e\000g\000y\000z\000\351\000s\000e\000k\000:}{subsection.4.5.1}% 110
\BOOKMARK [3][-]{subsubsection.4.5.1.5}{\376\377\0004\000.\0005\000.\0001\000.\0005\000\040\000K\000a\000p\000c\000s\000o\000l\000\363\000d\000\363\000\040\000k\000\363\000d\000f\000\341\000j\000l\000o\000k\000:}{subsection.4.5.1}% 111
\BOOKMARK [2][-]{subsection.4.5.2}{\376\377\0004\000.\0005\000.\0002\000\040\000A\000d\000a\000t\000s\000z\000e\000r\000k\000e\000z\000e\000t\000e\000k\000\040\000d\000o\000k\000u\000m\000e\000n\000t\000\341\000c\000i\000\363\000j\000a}{section.4.5}% 112
\BOOKMARK [3][-]{subsubsection.4.5.2.1}{\376\377\0004\000.\0005\000.\0002\000.\0001\000\040\000s\000t\000r\000u\000c\000t\000\040\000W\000i\000n\000d\000o\000w}{subsection.4.5.2}% 113
\BOOKMARK [3][-]{subsubsection.4.5.2.2}{\376\377\0004\000.\0005\000.\0002\000.\0002\000\040\000s\000t\000r\000u\000c\000t\000\040\000A\000s\000s\000e\000t\000s}{subsection.4.5.2}% 114
\BOOKMARK [3][-]{subsubsection.4.5.2.3}{\376\377\0004\000.\0005\000.\0002\000.\0003\000\040\000s\000t\000r\000u\000c\000t\000\040\000F\000o\000n\000t\000s}{subsection.4.5.2}% 115
\BOOKMARK [3][-]{subsubsection.4.5.2.4}{\376\377\0004\000.\0005\000.\0002\000.\0004\000\040\000s\000t\000r\000u\000c\000t\000\040\000L\000a\000y\000e\000r}{subsection.4.5.2}% 116
\BOOKMARK [2][-]{subsection.4.5.3}{\376\377\0004\000.\0005\000.\0003\000\040\000M\000a\000k\000r\000\363\000d\000e\000f\000i\000n\000\355\000c\000i\000\363\000k\000\040\000d\000o\000k\000u\000m\000e\000n\000t\000\341\000c\000i\000\363\000j\000a}{section.4.5}% 117
\BOOKMARK [3][-]{subsubsection.4.5.3.1}{\376\377\0004\000.\0005\000.\0003\000.\0001\000\040\000D\000E\000F\000A\000U\000L\000T\000\137\000F\000O\000N\000T\000\137\000S\000I\000Z\000E}{subsection.4.5.3}% 118
\BOOKMARK [3][-]{subsubsection.4.5.3.2}{\376\377\0004\000.\0005\000.\0003\000.\0002\000\040\000M\000I\000X\000\137\000V\000O\000L\000U\000M\000E}{subsection.4.5.3}% 119
\BOOKMARK [2][-]{subsection.4.5.4}{\376\377\0004\000.\0005\000.\0004\000\040\000F\000\374\000g\000g\000v\000\351\000n\000y\000e\000k\000\040\000d\000o\000k\000u\000m\000e\000n\000t\000\341\000c\000i\000\363\000j\000a}{section.4.5}% 120
\BOOKMARK [3][-]{subsubsection.4.5.4.1}{\376\377\0004\000.\0005\000.\0004\000.\0001\000\040\000A\000s\000s\000e\000t\000s\000\137\000D\000e\000s\000t\000r\000o\000y\000\050\000\051}{subsection.4.5.4}% 121
\BOOKMARK [3][-]{subsubsection.4.5.4.2}{\376\377\0004\000.\0005\000.\0004\000.\0002\000\040\000A\000s\000s\000e\000t\000s\000\137\000I\000n\000i\000t\000\050\000\051}{subsection.4.5.4}% 122
\BOOKMARK [3][-]{subsubsection.4.5.4.3}{\376\377\0004\000.\0005\000.\0004\000.\0003\000\040\000A\000s\000s\000e\000t\000s\000\137\000L\000o\000a\000d\000\050\000\051}{subsection.4.5.4}% 123
\BOOKMARK [3][-]{subsubsection.4.5.4.4}{\376\377\0004\000.\0005\000.\0004\000.\0004\000\040\000F\000o\000n\000t\000s\000\137\000D\000e\000s\000t\000r\000o\000y\000\050\000\051}{subsection.4.5.4}% 124
\BOOKMARK [3][-]{subsubsection.4.5.4.5}{\376\377\0004\000.\0005\000.\0004\000.\0005\000\040\000F\000o\000n\000t\000s\000\137\000I\000n\000i\000t\000\050\000\051}{subsection.4.5.4}% 125
\BOOKMARK [3][-]{subsubsection.4.5.4.6}{\376\377\0004\000.\0005\000.\0004\000.\0006\000\040\000F\000o\000n\000t\000s\000\137\000L\000o\000a\000d\000\050\000\051}{subsection.4.5.4}% 126
\BOOKMARK [3][-]{subsubsection.4.5.4.7}{\376\377\0004\000.\0005\000.\0004\000.\0007\000\040\000I\000n\000i\000t\000i\000a\000l\000i\000z\000e\000S\000D\000L\000\050\000\051}{subsection.4.5.4}% 127
\BOOKMARK [3][-]{subsubsection.4.5.4.8}{\376\377\0004\000.\0005\000.\0004\000.\0008\000\040\000L\000a\000y\000e\000r\000\137\000C\000r\000e\000a\000t\000e\000\050\000\051}{subsection.4.5.4}% 128
\BOOKMARK [3][-]{subsubsection.4.5.4.9}{\376\377\0004\000.\0005\000.\0004\000.\0009\000\040\000L\000a\000y\000e\000r\000\137\000D\000e\000s\000t\000r\000o\000y\000\050\000\051}{subsection.4.5.4}% 129
\BOOKMARK [3][-]{subsubsection.4.5.4.10}{\376\377\0004\000.\0005\000.\0004\000.\0001\0000\000\040\000L\000a\000y\000e\000r\000\137\000I\000n\000i\000t\000\050\000\051}{subsection.4.5.4}% 130
\BOOKMARK [3][-]{subsubsection.4.5.4.11}{\376\377\0004\000.\0005\000.\0004\000.\0001\0001\000\040\000L\000a\000y\000e\000r\000\137\000R\000e\000n\000d\000e\000r\000F\000o\000n\000t\000\050\000\051}{subsection.4.5.4}% 131
\BOOKMARK [3][-]{subsubsection.4.5.4.12}{\376\377\0004\000.\0005\000.\0004\000.\0001\0002\000\040\000Q\000u\000i\000t\000S\000D\000L\000\050\000\051}{subsection.4.5.4}% 132
\BOOKMARK [3][-]{subsubsection.4.5.4.13}{\376\377\0004\000.\0005\000.\0004\000.\0001\0003\000\040\000S\000t\000a\000r\000t\000M\000u\000s\000i\000c\000\050\000\051}{subsection.4.5.4}% 133
\BOOKMARK [3][-]{subsubsection.4.5.4.14}{\376\377\0004\000.\0005\000.\0004\000.\0001\0004\000\040\000W\000i\000n\000d\000o\000w\000\137\000C\000r\000e\000a\000t\000e\000\050\000\051}{subsection.4.5.4}% 134
\BOOKMARK [3][-]{subsubsection.4.5.4.15}{\376\377\0004\000.\0005\000.\0004\000.\0001\0005\000\040\000W\000i\000n\000d\000o\000w\000\137\000D\000e\000s\000t\000r\000o\000y\000\050\000\051}{subsection.4.5.4}% 135
\BOOKMARK [3][-]{subsubsection.4.5.4.16}{\376\377\0004\000.\0005\000.\0004\000.\0001\0006\000\040\000W\000i\000n\000d\000o\000w\000\137\000I\000n\000i\000t\000\050\000\051}{subsection.4.5.4}% 136
\BOOKMARK [1][-]{section.4.6}{\376\377\0004\000.\0006\000\040\000S\000D\000L\000\137\000l\000o\000c\000a\000l\000.\000h}{chapter.4}% 137
\BOOKMARK [1][-]{section.4.7}{\376\377\0004\000.\0007\000\040\000l\000i\000b\000/\000s\000r\000c\000/\000a\000n\000i\000m\000a\000t\000i\000o\000n\000.\000c\000\040\000f\000\341\000j\000l\000r\000e\000f\000e\000r\000e\000n\000c\000i\000a}{chapter.4}% 138
\BOOKMARK [2][-]{subsection.4.7.1}{\376\377\0004\000.\0007\000.\0001\000\040\000R\000\351\000s\000z\000l\000e\000t\000e\000s\000\040\000l\000e\000\355\000r\000\341\000s}{section.4.7}% 139
\BOOKMARK [2][-]{subsection.4.7.2}{\376\377\0004\000.\0007\000.\0002\000\040\000F\000\374\000g\000g\000v\000\351\000n\000y\000e\000k\000\040\000d\000o\000k\000u\000m\000e\000n\000t\000\341\000c\000i\000\363\000j\000a}{section.4.7}% 140
\BOOKMARK [3][-]{subsubsection.4.7.2.1}{\376\377\0004\000.\0007\000.\0002\000.\0001\000\040\000A\000n\000i\000m\000a\000t\000i\000o\000n\000Q\000u\000e\000u\000e\000\137\000A\000p\000p\000e\000n\000d\000L\000o\000n\000g\000F\000i\000l\000l\000\050\000\051}{subsection.4.7.2}% 141
\BOOKMARK [3][-]{subsubsection.4.7.2.2}{\376\377\0004\000.\0007\000.\0002\000.\0002\000\040\000A\000n\000i\000m\000a\000t\000i\000o\000n\000Q\000u\000e\000u\000e\000\137\000A\000p\000p\000e\000n\000d\000P\000i\000p\000e\000F\000i\000l\000l\000\050\000\051}{subsection.4.7.2}% 142
\BOOKMARK [3][-]{subsubsection.4.7.2.3}{\376\377\0004\000.\0007\000.\0002\000.\0003\000\040\000A\000n\000i\000m\000a\000t\000i\000o\000n\000Q\000u\000e\000u\000e\000\137\000A\000p\000p\000e\000n\000d\000P\000i\000p\000e\000R\000o\000t\000a\000t\000e\000\050\000\051}{subsection.4.7.2}% 143
\BOOKMARK [3][-]{subsubsection.4.7.2.4}{\376\377\0004\000.\0007\000.\0002\000.\0004\000\040\000A\000n\000i\000m\000a\000t\000i\000o\000n\000Q\000u\000e\000u\000e\000\137\000A\000p\000p\000e\000n\000d\000W\000h\000e\000e\000l\000R\000o\000t\000a\000t\000e\000\050\000\051}{subsection.4.7.2}% 144
\BOOKMARK [3][-]{subsubsection.4.7.2.5}{\376\377\0004\000.\0007\000.\0002\000.\0005\000\040\000A\000n\000i\000m\000a\000t\000i\000o\000n\000Q\000u\000e\000u\000e\000\137\000D\000e\000s\000t\000r\000o\000y\000\050\000\051}{subsection.4.7.2}% 145
\BOOKMARK [3][-]{subsubsection.4.7.2.6}{\376\377\0004\000.\0007\000.\0002\000.\0006\000\040\000A\000n\000i\000m\000a\000t\000i\000o\000n\000Q\000u\000e\000u\000e\000\137\000I\000n\000i\000t\000\050\000\051}{subsection.4.7.2}% 146
\BOOKMARK [3][-]{subsubsection.4.7.2.7}{\376\377\0004\000.\0007\000.\0002\000.\0007\000\040\000A\000n\000i\000m\000a\000t\000i\000o\000n\000Q\000u\000e\000u\000e\000\137\000R\000e\000m\000o\000v\000e\000E\000l\000e\000m\000e\000n\000t\000\050\000\051}{subsection.4.7.2}% 147
\BOOKMARK [1][-]{section.4.8}{\376\377\0004\000.\0008\000\040\000l\000i\000b\000/\000s\000r\000c\000/\000a\000s\000s\000e\000t\000s\000.\000c\000\040\000f\000\341\000j\000l\000r\000e\000f\000e\000r\000e\000n\000c\000i\000a}{chapter.4}% 148
\BOOKMARK [2][-]{subsection.4.8.1}{\376\377\0004\000.\0008\000.\0001\000\040\000R\000\351\000s\000z\000l\000e\000t\000e\000s\000\040\000l\000e\000\355\000r\000\341\000s}{section.4.8}% 149
\BOOKMARK [2][-]{subsection.4.8.2}{\376\377\0004\000.\0008\000.\0002\000\040\000F\000\374\000g\000g\000v\000\351\000n\000y\000e\000k\000\040\000d\000o\000k\000u\000m\000e\000n\000t\000\341\000c\000i\000\363\000j\000a}{section.4.8}% 150
\BOOKMARK [3][-]{subsubsection.4.8.2.1}{\376\377\0004\000.\0008\000.\0002\000.\0001\000\040\000A\000s\000s\000e\000t\000s\000\137\000D\000e\000s\000t\000r\000o\000y\000\050\000\051}{subsection.4.8.2}% 151
\BOOKMARK [3][-]{subsubsection.4.8.2.2}{\376\377\0004\000.\0008\000.\0002\000.\0002\000\040\000A\000s\000s\000e\000t\000s\000\137\000I\000n\000i\000t\000\050\000\051}{subsection.4.8.2}% 152
\BOOKMARK [3][-]{subsubsection.4.8.2.3}{\376\377\0004\000.\0008\000.\0002\000.\0003\000\040\000A\000s\000s\000e\000t\000s\000\137\000L\000o\000a\000d\000\050\000\051}{subsection.4.8.2}% 153
\BOOKMARK [1][-]{section.4.9}{\376\377\0004\000.\0009\000\040\000l\000i\000b\000/\000s\000r\000c\000/\000e\000l\000e\000m\000.\000c\000\040\000f\000\341\000j\000l\000r\000e\000f\000e\000r\000e\000n\000c\000i\000a}{chapter.4}% 154
\BOOKMARK [2][-]{subsection.4.9.1}{\376\377\0004\000.\0009\000.\0001\000\040\000R\000\351\000s\000z\000l\000e\000t\000e\000s\000\040\000l\000e\000\355\000r\000\341\000s}{section.4.9}% 155
\BOOKMARK [2][-]{subsection.4.9.2}{\376\377\0004\000.\0009\000.\0002\000\040\000F\000\374\000g\000g\000v\000\351\000n\000y\000e\000k\000\040\000d\000o\000k\000u\000m\000e\000n\000t\000\341\000c\000i\000\363\000j\000a}{section.4.9}% 156
\BOOKMARK [3][-]{subsubsection.4.9.2.1}{\376\377\0004\000.\0009\000.\0002\000.\0001\000\040\000E\000l\000e\000m\000\137\000C\000o\000p\000y\000\050\000\051}{subsection.4.9.2}% 157
\BOOKMARK [3][-]{subsubsection.4.9.2.2}{\376\377\0004\000.\0009\000.\0002\000.\0002\000\040\000E\000l\000e\000m\000\137\000I\000n\000i\000t\000\050\000\051}{subsection.4.9.2}% 158
\BOOKMARK [3][-]{subsubsection.4.9.2.3}{\376\377\0004\000.\0009\000.\0002\000.\0003\000\040\000E\000l\000e\000m\000\137\000R\000o\000t\000a\000t\000e\000N\000e\000g\000\050\000\051}{subsection.4.9.2}% 159
\BOOKMARK [3][-]{subsubsection.4.9.2.4}{\376\377\0004\000.\0009\000.\0002\000.\0004\000\040\000E\000l\000e\000m\000\137\000R\000o\000t\000a\000t\000e\000P\000o\000s\000\050\000\051}{subsection.4.9.2}% 160
\BOOKMARK [1][-]{section.4.10}{\376\377\0004\000.\0001\0000\000\040\000l\000i\000b\000/\000s\000r\000c\000/\000e\000v\000\137\000v\000a\000r\000s\000.\000c\000\040\000f\000\341\000j\000l\000r\000e\000f\000e\000r\000e\000n\000c\000i\000a}{chapter.4}% 161
\BOOKMARK [2][-]{subsection.4.10.1}{\376\377\0004\000.\0001\0000\000.\0001\000\040\000R\000\351\000s\000z\000l\000e\000t\000e\000s\000\040\000l\000e\000\355\000r\000\341\000s}{section.4.10}% 162
\BOOKMARK [2][-]{subsection.4.10.2}{\376\377\0004\000.\0001\0000\000.\0002\000\040\000F\000\374\000g\000g\000v\000\351\000n\000y\000e\000k\000\040\000d\000o\000k\000u\000m\000e\000n\000t\000\341\000c\000i\000\363\000j\000a}{section.4.10}% 163
\BOOKMARK [3][-]{subsubsection.4.10.2.1}{\376\377\0004\000.\0001\0000\000.\0002\000.\0001\000\040\000C\000u\000r\000s\000o\000r\000I\000n\000R\000e\000c\000t\000\050\000\051}{subsection.4.10.2}% 164
\BOOKMARK [3][-]{subsubsection.4.10.2.2}{\376\377\0004\000.\0001\0000\000.\0002\000.\0002\000\040\000D\000e\000l\000t\000a\000\137\000U\000p\000d\000a\000t\000e\000\050\000\051}{subsection.4.10.2}% 165
\BOOKMARK [3][-]{subsubsection.4.10.2.3}{\376\377\0004\000.\0001\0000\000.\0002\000.\0003\000\040\000E\000v\000e\000n\000t\000l\000o\000o\000p\000V\000a\000r\000i\000a\000b\000l\000e\000s\000\137\000I\000n\000i\000t\000\050\000\051}{subsection.4.10.2}% 166
\BOOKMARK [1][-]{section.4.11}{\376\377\0004\000.\0001\0001\000\040\000l\000i\000b\000/\000s\000r\000c\000/\000f\000o\000n\000t\000s\000.\000c\000\040\000f\000\341\000j\000l\000r\000e\000f\000e\000r\000e\000n\000c\000i\000a}{chapter.4}% 167
\BOOKMARK [2][-]{subsection.4.11.1}{\376\377\0004\000.\0001\0001\000.\0001\000\040\000R\000\351\000s\000z\000l\000e\000t\000e\000s\000\040\000l\000e\000\355\000r\000\341\000s}{section.4.11}% 168
\BOOKMARK [2][-]{subsection.4.11.2}{\376\377\0004\000.\0001\0001\000.\0002\000\040\000F\000\374\000g\000g\000v\000\351\000n\000y\000e\000k\000\040\000d\000o\000k\000u\000m\000e\000n\000t\000\341\000c\000i\000\363\000j\000a}{section.4.11}% 169
\BOOKMARK [3][-]{subsubsection.4.11.2.1}{\376\377\0004\000.\0001\0001\000.\0002\000.\0001\000\040\000F\000o\000n\000t\000s\000\137\000D\000e\000s\000t\000r\000o\000y\000\050\000\051}{subsection.4.11.2}% 170
\BOOKMARK [3][-]{subsubsection.4.11.2.2}{\376\377\0004\000.\0001\0001\000.\0002\000.\0002\000\040\000F\000o\000n\000t\000s\000\137\000I\000n\000i\000t\000\050\000\051}{subsection.4.11.2}% 171
\BOOKMARK [3][-]{subsubsection.4.11.2.3}{\376\377\0004\000.\0001\0001\000.\0002\000.\0003\000\040\000F\000o\000n\000t\000s\000\137\000L\000o\000a\000d\000\050\000\051}{subsection.4.11.2}% 172
\BOOKMARK [1][-]{section.4.12}{\376\377\0004\000.\0001\0002\000\040\000l\000i\000b\000/\000s\000r\000c\000/\000g\000a\000m\000e\000.\000c\000\040\000f\000\341\000j\000l\000r\000e\000f\000e\000r\000e\000n\000c\000i\000a}{chapter.4}% 173
\BOOKMARK [2][-]{subsection.4.12.1}{\376\377\0004\000.\0001\0002\000.\0001\000\040\000R\000\351\000s\000z\000l\000e\000t\000e\000s\000\040\000l\000e\000\355\000r\000\341\000s}{section.4.12}% 174
\BOOKMARK [2][-]{subsection.4.12.2}{\376\377\0004\000.\0001\0002\000.\0002\000\040\000F\000\374\000g\000g\000v\000\351\000n\000y\000e\000k\000\040\000d\000o\000k\000u\000m\000e\000n\000t\000\341\000c\000i\000\363\000j\000a}{section.4.12}% 175
\BOOKMARK [3][-]{subsubsection.4.12.2.1}{\376\377\0004\000.\0001\0002\000.\0002\000.\0001\000\040\000G\000a\000m\000e\000\050\000\051}{subsection.4.12.2}% 176
\BOOKMARK [3][-]{subsubsection.4.12.2.2}{\376\377\0004\000.\0001\0002\000.\0002\000.\0002\000\040\000M\000e\000n\000u\000\050\000\051}{subsection.4.12.2}% 177
\BOOKMARK [3][-]{subsubsection.4.12.2.3}{\376\377\0004\000.\0001\0002\000.\0002\000.\0003\000\040\000W\000i\000n\000\050\000\051}{subsection.4.12.2}% 178
\BOOKMARK [1][-]{section.4.13}{\376\377\0004\000.\0001\0003\000\040\000l\000i\000b\000/\000s\000r\000c\000/\000g\000a\000m\000e\000\137\000s\000t\000r\000u\000c\000t\000.\000c\000\040\000f\000\341\000j\000l\000r\000e\000f\000e\000r\000e\000n\000c\000i\000a}{chapter.4}% 179
\BOOKMARK [2][-]{subsection.4.13.1}{\376\377\0004\000.\0001\0003\000.\0001\000\040\000R\000\351\000s\000z\000l\000e\000t\000e\000s\000\040\000l\000e\000\355\000r\000\341\000s}{section.4.13}% 180
\BOOKMARK [2][-]{subsection.4.13.2}{\376\377\0004\000.\0001\0003\000.\0002\000\040\000F\000\374\000g\000g\000v\000\351\000n\000y\000e\000k\000\040\000d\000o\000k\000u\000m\000e\000n\000t\000\341\000c\000i\000\363\000j\000a}{section.4.13}% 181
\BOOKMARK [3][-]{subsubsection.4.13.2.1}{\376\377\0004\000.\0001\0003\000.\0002\000.\0001\000\040\000G\000a\000m\000e\000S\000t\000r\000u\000c\000t\000\137\000C\000r\000e\000a\000t\000e\000\050\000\051}{subsection.4.13.2}% 182
\BOOKMARK [3][-]{subsubsection.4.13.2.2}{\376\377\0004\000.\0001\0003\000.\0002\000.\0002\000\040\000G\000a\000m\000e\000S\000t\000r\000u\000c\000t\000\137\000D\000e\000s\000t\000r\000o\000y\000\050\000\051}{subsection.4.13.2}% 183
\BOOKMARK [3][-]{subsubsection.4.13.2.3}{\376\377\0004\000.\0001\0003\000.\0002\000.\0003\000\040\000G\000a\000m\000e\000S\000t\000r\000u\000c\000t\000\137\000I\000n\000i\000t\000\050\000\051}{subsection.4.13.2}% 184
\BOOKMARK [1][-]{section.4.14}{\376\377\0004\000.\0001\0004\000\040\000l\000i\000b\000/\000s\000r\000c\000/\000l\000a\000y\000e\000r\000.\000c\000\040\000f\000\341\000j\000l\000r\000e\000f\000e\000r\000e\000n\000c\000i\000a}{chapter.4}% 185
\BOOKMARK [2][-]{subsection.4.14.1}{\376\377\0004\000.\0001\0004\000.\0001\000\040\000R\000\351\000s\000z\000l\000e\000t\000e\000s\000\040\000l\000e\000\355\000r\000\341\000s}{section.4.14}% 186
\BOOKMARK [2][-]{subsection.4.14.2}{\376\377\0004\000.\0001\0004\000.\0002\000\040\000F\000\374\000g\000g\000v\000\351\000n\000y\000e\000k\000\040\000d\000o\000k\000u\000m\000e\000n\000t\000\341\000c\000i\000\363\000j\000a}{section.4.14}% 187
\BOOKMARK [3][-]{subsubsection.4.14.2.1}{\376\377\0004\000.\0001\0004\000.\0002\000.\0001\000\040\000L\000a\000y\000e\000r\000\137\000C\000r\000e\000a\000t\000e\000\050\000\051}{subsection.4.14.2}% 188
\BOOKMARK [3][-]{subsubsection.4.14.2.2}{\376\377\0004\000.\0001\0004\000.\0002\000.\0002\000\040\000L\000a\000y\000e\000r\000\137\000D\000e\000s\000t\000r\000o\000y\000\050\000\051}{subsection.4.14.2}% 189
\BOOKMARK [3][-]{subsubsection.4.14.2.3}{\376\377\0004\000.\0001\0004\000.\0002\000.\0003\000\040\000L\000a\000y\000e\000r\000\137\000I\000n\000i\000t\000\050\000\051}{subsection.4.14.2}% 190
\BOOKMARK [3][-]{subsubsection.4.14.2.4}{\376\377\0004\000.\0001\0004\000.\0002\000.\0004\000\040\000L\000a\000y\000e\000r\000\137\000R\000e\000n\000d\000e\000r\000F\000o\000n\000t\000\050\000\051}{subsection.4.14.2}% 191
\BOOKMARK [1][-]{section.4.15}{\376\377\0004\000.\0001\0005\000\040\000l\000i\000b\000/\000s\000r\000c\000/\000p\000i\000p\000e\000.\000c\000\040\000f\000\341\000j\000l\000r\000e\000f\000e\000r\000e\000n\000c\000i\000a}{chapter.4}% 192
\BOOKMARK [2][-]{subsection.4.15.1}{\376\377\0004\000.\0001\0005\000.\0001\000\040\000R\000\351\000s\000z\000l\000e\000t\000e\000s\000\040\000l\000e\000\355\000r\000\341\000s}{section.4.15}% 193
\BOOKMARK [2][-]{subsection.4.15.2}{\376\377\0004\000.\0001\0005\000.\0002\000\040\000F\000\374\000g\000g\000v\000\351\000n\000y\000e\000k\000\040\000d\000o\000k\000u\000m\000e\000n\000t\000\341\000c\000i\000\363\000j\000a}{section.4.15}% 194
\BOOKMARK [3][-]{subsubsection.4.15.2.1}{\376\377\0004\000.\0001\0005\000.\0002\000.\0001\000\040\000P\000i\000p\000e\000\137\000C\000r\000e\000a\000t\000e\000F\000r\000o\000m\000E\000l\000e\000m\000\050\000\051}{subsection.4.15.2}% 195
\BOOKMARK [3][-]{subsubsection.4.15.2.2}{\376\377\0004\000.\0001\0005\000.\0002\000.\0002\000\040\000P\000i\000p\000e\000\137\000D\000e\000s\000t\000r\000o\000y\000\050\000\051}{subsection.4.15.2}% 196
\BOOKMARK [3][-]{subsubsection.4.15.2.3}{\376\377\0004\000.\0001\0005\000.\0002\000.\0003\000\040\000P\000i\000p\000e\000\137\000I\000n\000i\000t\000\050\000\051}{subsection.4.15.2}% 197
\BOOKMARK [3][-]{subsubsection.4.15.2.4}{\376\377\0004\000.\0001\0005\000.\0002\000.\0004\000\040\000P\000i\000p\000e\000\137\000R\000e\000n\000d\000e\000r\000\050\000\051}{subsection.4.15.2}% 198
\BOOKMARK [3][-]{subsubsection.4.15.2.5}{\376\377\0004\000.\0001\0005\000.\0002\000.\0005\000\040\000P\000i\000p\000e\000\137\000R\000o\000t\000a\000t\000e\000\050\000\051}{subsection.4.15.2}% 199
\BOOKMARK [3][-]{subsubsection.4.15.2.6}{\376\377\0004\000.\0001\0005\000.\0002\000.\0006\000\040\000P\000i\000p\000e\000\137\000U\000p\000d\000a\000t\000e\000L\000a\000y\000e\000r\000\050\000\051}{subsection.4.15.2}% 200
\BOOKMARK [1][-]{section.4.16}{\376\377\0004\000.\0001\0006\000\040\000l\000i\000b\000/\000s\000r\000c\000/\000p\000i\000p\000e\000g\000r\000i\000d\000.\000c\000\040\000f\000\341\000j\000l\000r\000e\000f\000e\000r\000e\000n\000c\000i\000a}{chapter.4}% 201
\BOOKMARK [2][-]{subsection.4.16.1}{\376\377\0004\000.\0001\0006\000.\0001\000\040\000R\000\351\000s\000z\000l\000e\000t\000e\000s\000\040\000l\000e\000\355\000r\000\341\000s}{section.4.16}% 202
\BOOKMARK [2][-]{subsection.4.16.2}{\376\377\0004\000.\0001\0006\000.\0002\000\040\000F\000\374\000g\000g\000v\000\351\000n\000y\000e\000k\000\040\000d\000o\000k\000u\000m\000e\000n\000t\000\341\000c\000i\000\363\000j\000a}{section.4.16}% 203
\BOOKMARK [3][-]{subsubsection.4.16.2.1}{\376\377\0004\000.\0001\0006\000.\0002\000.\0001\000\040\000P\000i\000p\000e\000G\000r\000i\000d\000\137\000C\000r\000e\000a\000t\000e\000\050\000\051}{subsection.4.16.2}% 204
\BOOKMARK [3][-]{subsubsection.4.16.2.2}{\376\377\0004\000.\0001\0006\000.\0002\000.\0002\000\040\000P\000i\000p\000e\000G\000r\000i\000d\000\137\000C\000r\000e\000a\000t\000e\000C\000o\000p\000y\000\050\000\051}{subsection.4.16.2}% 205
\BOOKMARK [3][-]{subsubsection.4.16.2.3}{\376\377\0004\000.\0001\0006\000.\0002\000.\0003\000\040\000P\000i\000p\000e\000G\000r\000i\000d\000\137\000D\000e\000s\000t\000r\000o\000y\000\050\000\051}{subsection.4.16.2}% 206
\BOOKMARK [3][-]{subsubsection.4.16.2.4}{\376\377\0004\000.\0001\0006\000.\0002\000.\0004\000\040\000P\000i\000p\000e\000G\000r\000i\000d\000\137\000F\000e\000l\000d\000o\000l\000g\000o\000z\000\050\000\051}{subsection.4.16.2}% 207
\BOOKMARK [3][-]{subsubsection.4.16.2.5}{\376\377\0004\000.\0001\0006\000.\0002\000.\0005\000\040\000P\000i\000p\000e\000G\000r\000i\000d\000\137\000G\000e\000n\000e\000r\000a\000t\000e\000G\000r\000i\000d\000\050\000\051}{subsection.4.16.2}% 208
\BOOKMARK [3][-]{subsubsection.4.16.2.6}{\376\377\0004\000.\0001\0006\000.\0002\000.\0006\000\040\000P\000i\000p\000e\000G\000r\000i\000d\000\137\000I\000n\000i\000t\000\050\000\051}{subsection.4.16.2}% 209
\BOOKMARK [3][-]{subsubsection.4.16.2.7}{\376\377\0004\000.\0001\0006\000.\0002\000.\0007\000\040\000P\000i\000p\000e\000G\000r\000i\000d\000\137\000R\000e\000n\000d\000e\000r\000\050\000\051}{subsection.4.16.2}% 210
\BOOKMARK [3][-]{subsubsection.4.16.2.8}{\376\377\0004\000.\0001\0006\000.\0002\000.\0008\000\040\000P\000i\000p\000e\000G\000r\000i\000d\000\137\000S\000h\000u\000f\000f\000l\000e\000\050\000\051}{subsection.4.16.2}% 211
\BOOKMARK [1][-]{section.4.17}{\376\377\0004\000.\0001\0007\000\040\000l\000i\000b\000/\000s\000r\000c\000/\000S\000D\000L\000\137\000l\000o\000c\000a\000l\000.\000c\000\040\000f\000\341\000j\000l\000r\000e\000f\000e\000r\000e\000n\000c\000i\000a}{chapter.4}% 212
\BOOKMARK [2][-]{subsection.4.17.1}{\376\377\0004\000.\0001\0007\000.\0001\000\040\000R\000\351\000s\000z\000l\000e\000t\000e\000s\000\040\000l\000e\000\355\000r\000\341\000s}{section.4.17}% 213
\BOOKMARK [2][-]{subsection.4.17.2}{\376\377\0004\000.\0001\0007\000.\0002\000\040\000F\000\374\000g\000g\000v\000\351\000n\000y\000e\000k\000\040\000d\000o\000k\000u\000m\000e\000n\000t\000\341\000c\000i\000\363\000j\000a}{section.4.17}% 214
\BOOKMARK [3][-]{subsubsection.4.17.2.1}{\376\377\0004\000.\0001\0007\000.\0002\000.\0001\000\040\000I\000n\000i\000t\000i\000a\000l\000i\000z\000e\000S\000D\000L\000\050\000\051}{subsection.4.17.2}% 215
\BOOKMARK [3][-]{subsubsection.4.17.2.2}{\376\377\0004\000.\0001\0007\000.\0002\000.\0002\000\040\000Q\000u\000i\000t\000S\000D\000L\000\050\000\051}{subsection.4.17.2}% 216
\BOOKMARK [3][-]{subsubsection.4.17.2.3}{\376\377\0004\000.\0001\0007\000.\0002\000.\0003\000\040\000S\000t\000a\000r\000t\000M\000u\000s\000i\000c\000\050\000\051}{subsection.4.17.2}% 217
\BOOKMARK [1][-]{section.4.18}{\376\377\0004\000.\0001\0008\000\040\000l\000i\000b\000/\000s\000r\000c\000/\000s\000o\000l\000v\000e\000.\000c\000\040\000f\000\341\000j\000l\000r\000e\000f\000e\000r\000e\000n\000c\000i\000a}{chapter.4}% 218
\BOOKMARK [2][-]{subsection.4.18.1}{\376\377\0004\000.\0001\0008\000.\0001\000\040\000R\000\351\000s\000z\000l\000e\000t\000e\000s\000\040\000l\000e\000\355\000r\000\341\000s}{section.4.18}% 219
\BOOKMARK [2][-]{subsection.4.18.2}{\376\377\0004\000.\0001\0008\000.\0002\000\040\000F\000\374\000g\000g\000v\000\351\000n\000y\000e\000k\000\040\000d\000o\000k\000u\000m\000e\000n\000t\000\341\000c\000i\000\363\000j\000a}{section.4.18}% 220
\BOOKMARK [3][-]{subsubsection.4.18.2.1}{\376\377\0004\000.\0001\0008\000.\0002\000.\0001\000\040\000P\000i\000p\000e\000G\000r\000i\000d\000\137\000S\000o\000l\000v\000e\000\050\000\051}{subsection.4.18.2}% 221
\BOOKMARK [3][-]{subsubsection.4.18.2.2}{\376\377\0004\000.\0001\0008\000.\0002\000.\0002\000\040\000S\000o\000l\000v\000e\000d\000P\000i\000p\000e\000G\000r\000i\000d\000\137\000D\000e\000s\000t\000r\000o\000y\000\050\000\051}{subsection.4.18.2}% 222
\BOOKMARK [3][-]{subsubsection.4.18.2.3}{\376\377\0004\000.\0001\0008\000.\0002\000.\0003\000\040\000S\000o\000l\000v\000e\000d\000P\000i\000p\000e\000G\000r\000i\000d\000\137\000R\000e\000m\000o\000v\000e\000F\000i\000r\000s\000t\000\050\000\051}{subsection.4.18.2}% 223
\BOOKMARK [1][-]{section.4.19}{\376\377\0004\000.\0001\0009\000\040\000l\000i\000b\000/\000s\000r\000c\000/\000w\000h\000e\000e\000l\000.\000c\000\040\000f\000\341\000j\000l\000r\000e\000f\000e\000r\000e\000n\000c\000i\000a}{chapter.4}% 224
\BOOKMARK [2][-]{subsection.4.19.1}{\376\377\0004\000.\0001\0009\000.\0001\000\040\000R\000\351\000s\000z\000l\000e\000t\000e\000s\000\040\000l\000e\000\355\000r\000\341\000s}{section.4.19}% 225
\BOOKMARK [2][-]{subsection.4.19.2}{\376\377\0004\000.\0001\0009\000.\0002\000\040\000F\000\374\000g\000g\000v\000\351\000n\000y\000e\000k\000\040\000d\000o\000k\000u\000m\000e\000n\000t\000\341\000c\000i\000\363\000j\000a}{section.4.19}% 226
\BOOKMARK [3][-]{subsubsection.4.19.2.1}{\376\377\0004\000.\0001\0009\000.\0002\000.\0001\000\040\000W\000h\000e\000e\000l\000\137\000C\000r\000e\000a\000t\000e\000\050\000\051}{subsection.4.19.2}% 227
\BOOKMARK [3][-]{subsubsection.4.19.2.2}{\376\377\0004\000.\0001\0009\000.\0002\000.\0002\000\040\000W\000h\000e\000e\000l\000\137\000D\000e\000s\000t\000r\000o\000y\000\050\000\051}{subsection.4.19.2}% 228
\BOOKMARK [3][-]{subsubsection.4.19.2.3}{\376\377\0004\000.\0001\0009\000.\0002\000.\0003\000\040\000W\000h\000e\000e\000l\000\137\000I\000n\000i\000t\000\050\000\051}{subsection.4.19.2}% 229
\BOOKMARK [3][-]{subsubsection.4.19.2.4}{\376\377\0004\000.\0001\0009\000.\0002\000.\0004\000\040\000W\000h\000e\000e\000l\000\137\000U\000p\000d\000a\000t\000e\000\050\000\051}{subsection.4.19.2}% 230
\BOOKMARK [1][-]{section.4.20}{\376\377\0004\000.\0002\0000\000\040\000l\000i\000b\000/\000s\000r\000c\000/\000w\000i\000n\000d\000o\000w\000.\000c\000\040\000f\000\341\000j\000l\000r\000e\000f\000e\000r\000e\000n\000c\000i\000a}{chapter.4}% 231
\BOOKMARK [2][-]{subsection.4.20.1}{\376\377\0004\000.\0002\0000\000.\0001\000\040\000R\000\351\000s\000z\000l\000e\000t\000e\000s\000\040\000l\000e\000\355\000r\000\341\000s}{section.4.20}% 232
\BOOKMARK [2][-]{subsection.4.20.2}{\376\377\0004\000.\0002\0000\000.\0002\000\040\000F\000\374\000g\000g\000v\000\351\000n\000y\000e\000k\000\040\000d\000o\000k\000u\000m\000e\000n\000t\000\341\000c\000i\000\363\000j\000a}{section.4.20}% 233
\BOOKMARK [3][-]{subsubsection.4.20.2.1}{\376\377\0004\000.\0002\0000\000.\0002\000.\0001\000\040\000W\000i\000n\000d\000o\000w\000\137\000C\000r\000e\000a\000t\000e\000\050\000\051}{subsection.4.20.2}% 234
\BOOKMARK [3][-]{subsubsection.4.20.2.2}{\376\377\0004\000.\0002\0000\000.\0002\000.\0002\000\040\000W\000i\000n\000d\000o\000w\000\137\000D\000e\000s\000t\000r\000o\000y\000\050\000\051}{subsection.4.20.2}% 235
\BOOKMARK [3][-]{subsubsection.4.20.2.3}{\376\377\0004\000.\0002\0000\000.\0002\000.\0003\000\040\000W\000i\000n\000d\000o\000w\000\137\000I\000n\000i\000t\000\050\000\051}{subsection.4.20.2}% 236
\BOOKMARK [1][-]{section.4.21}{\376\377\0004\000.\0002\0001\000\040\000m\000a\000i\000n\000.\000c\000\040\000f\000\341\000j\000l\000r\000e\000f\000e\000r\000e\000n\000c\000i\000a}{chapter.4}% 237
\BOOKMARK [2][-]{subsection.4.21.1}{\376\377\0004\000.\0002\0001\000.\0001\000\040\000R\000\351\000s\000z\000l\000e\000t\000e\000s\000\040\000l\000e\000\355\000r\000\341\000s}{section.4.21}% 238
\BOOKMARK [2][-]{subsection.4.21.2}{\376\377\0004\000.\0002\0001\000.\0002\000\040\000F\000\374\000g\000g\000v\000\351\000n\000y\000e\000k\000\040\000d\000o\000k\000u\000m\000e\000n\000t\000\341\000c\000i\000\363\000j\000a}{section.4.21}% 239
\BOOKMARK [3][-]{subsubsection.4.21.2.1}{\376\377\0004\000.\0002\0001\000.\0002\000.\0001\000\040\000m\000a\000i\000n\000\050\000\051}{subsection.4.21.2}% 240
\BOOKMARK [1][-]{section.4.22}{\376\377\0004\000.\0002\0002\000\040\000r\000e\000a\000d\000m\000e\000.\000m\000d\000\040\000f\000\341\000j\000l\000r\000e\000f\000e\000r\000e\000n\000c\000i\000a}{chapter.4}% 241
\BOOKMARK [0][-]{section*.28}{\376\377\000T\000\341\000r\000g\000y\000m\000u\000t\000a\000t\000\363}{}% 242
